<?xml version="1.0" encoding="UTF-8"?>
<!-- Generated by org.testng.reporters.JUnitReportReporter -->
<testsuite skipped="0" hostname="Mariappans-MBP" name="com.tofuGearPortal.qa.testcases.HomepageTest" tests="15" failures="0" timestamp="11 Feb 2018 16:39:31 GMT" time="116.960" errors="0">
  <testcase name="validateTopcontent" time="4.900" classname="com.tofuGearPortal.qa.testcases.HomepageTest"/>
  <testcase name="videovalidation" time="16.769" classname="com.tofuGearPortal.qa.testcases.HomepageTest"/>
  <testcase name="solutionDigiMenu" time="10.213" classname="com.tofuGearPortal.qa.testcases.HomepageTest"/>
  <testcase name="solunecommerceMenu" time="9.594" classname="com.tofuGearPortal.qa.testcases.HomepageTest"/>
  <testcase name="BlogMenu" time="6.482" classname="com.tofuGearPortal.qa.testcases.HomepageTest"/>
  <testcase name="platformMenu" time="6.378" classname="com.tofuGearPortal.qa.testcases.HomepageTest"/>
  <testcase name="AboutUsMenu" time="6.462" classname="com.tofuGearPortal.qa.testcases.HomepageTest"/>
  <testcase name="CareerMenu" time="6.375" classname="com.tofuGearPortal.qa.testcases.HomepageTest"/>
  <testcase name="ContactMenu" time="4.789" classname="com.tofuGearPortal.qa.testcases.HomepageTest"/>
  <testcase name="RetailAsiaExpoPage" time="10.743" classname="com.tofuGearPortal.qa.testcases.HomepageTest"/>
  <testcase name="ClientConcernSelectionoptions" time="5.088" classname="com.tofuGearPortal.qa.testcases.HomepageTest"/>
  <testcase name="digiTransformoptions" time="7.204" classname="com.tofuGearPortal.qa.testcases.HomepageTest"/>
  <testcase name="Customerofflineoptions" time="7.359" classname="com.tofuGearPortal.qa.testcases.HomepageTest"/>
  <testcase name="MaximizingInStoreeoptions" time="6.973" classname="com.tofuGearPortal.qa.testcases.HomepageTest"/>
  <testcase name="ExpandingStoreOptions" time="7.631" classname="com.tofuGearPortal.qa.testcases.HomepageTest"/>
</testsuite> <!-- com.tofuGearPortal.qa.testcases.HomepageTest -->
