<?xml version="1.0" encoding="UTF-8"?>
<!-- Generated by org.testng.reporters.JUnitReportReporter -->
<testsuite skipped="0" hostname="Mariappans-MBP" name="com.tofuGearPortal.qa.testcases.HomepageTest" tests="15" failures="0" timestamp="12 Feb 2018 01:53:22 GMT" time="122.230" errors="0">
  <testcase name="validateTopcontent" time="5.236" classname="com.tofuGearPortal.qa.testcases.HomepageTest"/>
  <testcase name="videovalidation" time="16.235" classname="com.tofuGearPortal.qa.testcases.HomepageTest"/>
  <testcase name="solutionDigiMenu" time="9.122" classname="com.tofuGearPortal.qa.testcases.HomepageTest"/>
  <testcase name="solunecommerceMenu" time="8.889" classname="com.tofuGearPortal.qa.testcases.HomepageTest"/>
  <testcase name="BlogMenu" time="7.215" classname="com.tofuGearPortal.qa.testcases.HomepageTest"/>
  <testcase name="platformMenu" time="6.838" classname="com.tofuGearPortal.qa.testcases.HomepageTest"/>
  <testcase name="AboutUsMenu" time="8.637" classname="com.tofuGearPortal.qa.testcases.HomepageTest"/>
  <testcase name="CareerMenu" time="6.118" classname="com.tofuGearPortal.qa.testcases.HomepageTest"/>
  <testcase name="ContactMenu" time="5.525" classname="com.tofuGearPortal.qa.testcases.HomepageTest"/>
  <testcase name="RetailAsiaExpoPage" time="11.161" classname="com.tofuGearPortal.qa.testcases.HomepageTest"/>
  <testcase name="ClientConcernSelectionoptions" time="5.552" classname="com.tofuGearPortal.qa.testcases.HomepageTest"/>
  <testcase name="digiTransformoptions" time="7.999" classname="com.tofuGearPortal.qa.testcases.HomepageTest"/>
  <testcase name="Customerofflineoptions" time="7.862" classname="com.tofuGearPortal.qa.testcases.HomepageTest"/>
  <testcase name="MaximizingInStoreeoptions" time="7.379" classname="com.tofuGearPortal.qa.testcases.HomepageTest"/>
  <testcase name="ExpandingStoreOptions" time="8.462" classname="com.tofuGearPortal.qa.testcases.HomepageTest"/>
</testsuite> <!-- com.tofuGearPortal.qa.testcases.HomepageTest -->
